#-----------------------------------------------------------
# Vivado v2017.2 (64-bit)
# SW Build 1909853 on Thu Jun 15 18:39:09 MDT 2017
# IP Build 1909766 on Thu Jun 15 19:58:00 MDT 2017
# Start of session at: Tue Jan 15 09:27:17 2019
# Process ID: 6784
# Current directory: C:/Users/nlao2/lab_1
# Command line: vivado.exe -gui_launcher_event rodinguilauncherevent9364 C:\Users\nlao2\lab_1\lab_1.xpr
# Log file: C:/Users/nlao2/lab_1/vivado.log
# Journal file: C:/Users/nlao2/lab_1\vivado.jou
#-----------------------------------------------------------
start_gui
open_project C:/Users/nlao2/lab_1/lab_1.xpr
Scanning sources...
Finished scanning sources
INFO: [IP_Flow 19-234] Refreshing IP repositories
INFO: [IP_Flow 19-1704] No user IP repositories specified
INFO: [IP_Flow 19-2313] Loaded Vivado IP repository 'C:/Xilinx/Vivado/2017.2/data/ip'.
update_compile_order -fileset sources_1
exit
INFO: [Common 17-206] Exiting Vivado at Tue Jan 15 11:09:55 2019...
