Copyright 1986-2017 Xilinx, Inc. All Rights Reserved.
------------------------------------------------------------------------------------
| Tool Version : Vivado v.2017.2 (win64) Build 1909853 Thu Jun 15 18:39:09 MDT 2017
| Date         : Tue Jan 15 11:05:43 2019
| Host         : ECEB-4022-01 running 64-bit major release  (build 9200)
| Command      : report_control_sets -verbose -file intro_control_sets_placed.rpt
| Design       : intro
| Device       : xc7a75t
------------------------------------------------------------------------------------

Control Set Information

Table of Contents
-----------------
1. Summary
2. Flip-Flop Distribution
3. Detailed Control Set Information

1. Summary
----------

+----------------------------------------------------------+-------+
|                          Status                          | Count |
+----------------------------------------------------------+-------+
| Number of unique control sets                            |     3 |
| Unused register locations in slices containing registers |     7 |
+----------------------------------------------------------+-------+


2. Flip-Flop Distribution
-------------------------

+--------------+-----------------------+------------------------+-----------------+--------------+
| Clock Enable | Synchronous Set/Reset | Asynchronous Set/Reset | Total Registers | Total Slices |
+--------------+-----------------------+------------------------+-----------------+--------------+
| No           | No                    | No                     |               2 |            1 |
| No           | No                    | Yes                    |               0 |            0 |
| No           | Yes                   | No                     |              23 |            6 |
| Yes          | No                    | No                     |               0 |            0 |
| Yes          | No                    | Yes                    |               0 |            0 |
| Yes          | Yes                   | No                     |               8 |            1 |
+--------------+-----------------------+------------------------+-----------------+--------------+


3. Detailed Control Set Information
-----------------------------------

+-------------------+--------------------+--------------------+------------------+----------------+
|    Clock Signal   |    Enable Signal   |  Set/Reset Signal  | Slice Load Count | Bel Load Count |
+-------------------+--------------------+--------------------+------------------+----------------+
|  clk_BUFG         |                    |                    |                1 |              2 |
|  slow_clk_reg_n_0 | counter[7]_i_2_n_0 | counter[7]_i_1_n_0 |                1 |              8 |
|  clk_BUFG         |                    | slow_clk           |                6 |             23 |
+-------------------+--------------------+--------------------+------------------+----------------+


+--------+-----------------------+
| Fanout | Number of ControlSets |
+--------+-----------------------+
| 2      |                     1 |
| 8      |                     1 |
| 16+    |                     1 |
+--------+-----------------------+


